INFO  04/10/2012 05:41:29 [http-8080-Processor24] - org.directwebremoting.impl.StartupUtil.logStartup (linha 156) - Starting: DwrServlet v3.0.0.116.rc1 on Apache Tomcat/5.5.27 / JDK 1.6.0_26 from Sun Microsystems Inc. at /perfilDWR
INFO  04/10/2012 05:43:20 [http-8080-Processor17] - org.springframework.beans.factory.xml.XmlBeanDefinitionReader.loadBeanDefinitions (linha 199) - Loading XML bean definitions from file [C:\bin\apache-tomcat-5.5.27\bin\test\applicationContextDesenv.xml]
INFO  04/10/2012 05:43:20 [http-8080-Processor17] - org.springframework.context.support.AbstractRefreshableApplicationContext.refreshBeanFactory (linha 92) - Bean factory for application context [org.springframework.context.support.FileSystemXmlApplicationContext;hashCode=1331829131]: org.springframework.beans.factory.support.DefaultListableBeanFactory defining beans [dataSourceLSF]; root of BeanFactory hierarchy
INFO  04/10/2012 05:43:20 [http-8080-Processor17] - org.springframework.context.support.AbstractApplicationContext.refresh (linha 307) - 1 beans defined in application context [org.springframework.context.support.FileSystemXmlApplicationContext;hashCode=1331829131]
INFO  04/10/2012 05:43:20 [http-8080-Processor17] - org.springframework.core.CollectionFactory.<clinit> (linha 66) - JDK 1.4+ collections available
INFO  04/10/2012 05:43:20 [http-8080-Processor17] - org.springframework.context.support.AbstractApplicationContext.initMessageSource (linha 459) - Unable to locate MessageSource with name 'messageSource': using default [org.springframework.context.support.DelegatingMessageSource@64552a2b]
INFO  04/10/2012 05:43:20 [http-8080-Processor17] - org.springframework.context.support.AbstractApplicationContext.initApplicationEventMulticaster (linha 481) - Unable to locate ApplicationEventMulticaster with name 'applicationEventMulticaster': using default [org.springframework.context.event.SimpleApplicationEventMulticaster@8135daf]
INFO  04/10/2012 05:43:20 [http-8080-Processor17] - org.springframework.beans.factory.support.DefaultListableBeanFactory.preInstantiateSingletons (linha 239) - Pre-instantiating singletons in factory [org.springframework.beans.factory.support.DefaultListableBeanFactory defining beans [dataSourceLSF]; root of BeanFactory hierarchy]
INFO  04/10/2012 05:43:21 [http-8080-Processor17] - br.perfil.dwr.infra.DAO.conectarLocal (linha 118) - Conexão a obtida: org.apache.commons.dbcp.PoolableConnection@1ac7057c
INFO  04/10/2012 05:43:21 [http-8080-Processor17] - br.perfil.dwr.dao.AlunoDAO.<init> (linha 23) - Construtor: org.apache.commons.dbcp.PoolableConnection@1ac7057c
INFO  04/10/2012 05:43:21 [http-8080-Processor18] - br.perfil.dwr.infra.DAO.conectarLocal (linha 118) - Conexão a obtida: org.apache.commons.dbcp.PoolableConnection@1ac7057c
INFO  04/10/2012 05:43:21 [http-8080-Processor18] - br.perfil.dwr.dao.AlunoDAO.<init> (linha 23) - Construtor: org.apache.commons.dbcp.PoolableConnection@1ac7057c
INFO  04/10/2012 05:43:21 [http-8080-Processor17] - br.perfil.dwr.infra.DAO.conectarLocal (linha 118) - Conexão a obtida: org.apache.commons.dbcp.PoolableConnection@5b89a773
INFO  04/10/2012 05:43:21 [http-8080-Processor17] - br.perfil.dwr.dao.AlunoDAO.<init> (linha 23) - Construtor: org.apache.commons.dbcp.PoolableConnection@5b89a773
INFO  04/10/2012 05:43:21 [http-8080-Processor18] - br.perfil.dwr.infra.DAO.conectarLocal (linha 118) - Conexão a obtida: org.apache.commons.dbcp.PoolableConnection@1ac7057c
INFO  04/10/2012 05:43:21 [http-8080-Processor18] - br.perfil.dwr.dao.AlunoDAO.<init> (linha 23) - Construtor: org.apache.commons.dbcp.PoolableConnection@1ac7057c
INFO  04/10/2012 05:43:21 [http-8080-Processor18] - br.perfil.dwr.infra.DAO.conectarLocal (linha 118) - Conexão a obtida: org.apache.commons.dbcp.PoolableConnection@1ac7057c
INFO  04/10/2012 05:43:21 [http-8080-Processor18] - br.perfil.dwr.dao.AlunoDAO.<init> (linha 23) - Construtor: org.apache.commons.dbcp.PoolableConnection@1ac7057c
INFO  04/10/2012 05:43:22 [http-8080-Processor22] - br.perfil.dwr.infra.DAO.conectarLocal (linha 118) - Conexão a obtida: org.apache.commons.dbcp.PoolableConnection@1ac7057c
INFO  04/10/2012 05:43:22 [http-8080-Processor22] - br.perfil.dwr.dao.AlunoDAO.<init> (linha 23) - Construtor: org.apache.commons.dbcp.PoolableConnection@1ac7057c
INFO  04/10/2012 05:43:22 [http-8080-Processor18] - br.perfil.dwr.infra.DAO.conectarLocal (linha 118) - Conexão a obtida: org.apache.commons.dbcp.PoolableConnection@14800aa1
INFO  04/10/2012 05:43:22 [http-8080-Processor18] - br.perfil.dwr.dao.AlunoDAO.<init> (linha 23) - Construtor: org.apache.commons.dbcp.PoolableConnection@14800aa1
INFO  04/10/2012 05:43:22 [http-8080-Processor25] - br.perfil.dwr.infra.DAO.conectarLocal (linha 118) - Conexão a obtida: org.apache.commons.dbcp.PoolableConnection@1ac7057c
INFO  04/10/2012 05:43:22 [http-8080-Processor25] - br.perfil.dwr.dao.AlunoDAO.<init> (linha 23) - Construtor: org.apache.commons.dbcp.PoolableConnection@1ac7057c
INFO  04/10/2012 05:43:22 [http-8080-Processor17] - br.perfil.dwr.infra.DAO.conectarLocal (linha 118) - Conexão a obtida: org.apache.commons.dbcp.PoolableConnection@5b89a773
INFO  04/10/2012 05:43:22 [http-8080-Processor17] - br.perfil.dwr.dao.AlunoDAO.<init> (linha 23) - Construtor: org.apache.commons.dbcp.PoolableConnection@5b89a773
INFO  04/10/2012 05:43:22 [http-8080-Processor18] - br.perfil.dwr.infra.DAO.conectarLocal (linha 118) - Conexão a obtida: org.apache.commons.dbcp.PoolableConnection@14800aa1
INFO  04/10/2012 05:43:22 [http-8080-Processor18] - br.perfil.dwr.dao.AlunoDAO.<init> (linha 23) - Construtor: org.apache.commons.dbcp.PoolableConnection@14800aa1
INFO  04/10/2012 05:43:22 [http-8080-Processor19] - br.perfil.dwr.infra.DAO.conectarLocal (linha 118) - Conexão a obtida: org.apache.commons.dbcp.PoolableConnection@375c929a
INFO  04/10/2012 05:43:22 [http-8080-Processor19] - br.perfil.dwr.dao.AlunoDAO.<init> (linha 23) - Construtor: org.apache.commons.dbcp.PoolableConnection@375c929a
INFO  04/10/2012 05:43:22 [http-8080-Processor17] - br.perfil.dwr.infra.DAO.conectarLocal (linha 118) - Conexão a obtida: org.apache.commons.dbcp.PoolableConnection@5b89a773
INFO  04/10/2012 05:43:22 [http-8080-Processor17] - br.perfil.dwr.dao.AlunoDAO.<init> (linha 23) - Construtor: org.apache.commons.dbcp.PoolableConnection@5b89a773
INFO  04/10/2012 05:43:22 [http-8080-Processor18] - br.perfil.dwr.infra.DAO.conectarLocal (linha 118) - Conexão a obtida: org.apache.commons.dbcp.PoolableConnection@14800aa1
INFO  04/10/2012 05:43:22 [http-8080-Processor18] - br.perfil.dwr.dao.AlunoDAO.<init> (linha 23) - Construtor: org.apache.commons.dbcp.PoolableConnection@14800aa1
INFO  04/10/2012 05:43:22 [http-8080-Processor23] - br.perfil.dwr.infra.DAO.conectarLocal (linha 118) - Conexão a obtida: org.apache.commons.dbcp.PoolableConnection@38ad5fab
INFO  04/10/2012 05:43:22 [http-8080-Processor23] - br.perfil.dwr.dao.AlunoDAO.<init> (linha 23) - Construtor: org.apache.commons.dbcp.PoolableConnection@38ad5fab
INFO  04/10/2012 05:43:22 [http-8080-Processor21] - br.perfil.dwr.infra.DAO.conectarLocal (linha 118) - Conexão a obtida: org.apache.commons.dbcp.PoolableConnection@d2d58b
INFO  04/10/2012 05:43:22 [http-8080-Processor21] - br.perfil.dwr.dao.AlunoDAO.<init> (linha 23) - Construtor: org.apache.commons.dbcp.PoolableConnection@d2d58b
INFO  04/10/2012 05:43:22 [http-8080-Processor20] - br.perfil.dwr.infra.DAO.conectarLocal (linha 118) - Conexão a obtida: org.apache.commons.dbcp.PoolableConnection@4b0e18ba
INFO  04/10/2012 05:43:22 [http-8080-Processor20] - br.perfil.dwr.dao.AlunoDAO.<init> (linha 23) - Construtor: org.apache.commons.dbcp.PoolableConnection@4b0e18ba
INFO  04/10/2012 05:43:22 [http-8080-Processor20] - br.perfil.dwr.infra.DAO.conectarLocal (linha 118) - Conexão a obtida: org.apache.commons.dbcp.PoolableConnection@4b0e18ba
INFO  04/10/2012 05:43:22 [http-8080-Processor20] - br.perfil.dwr.dao.AlunoDAO.<init> (linha 23) - Construtor: org.apache.commons.dbcp.PoolableConnection@4b0e18ba
INFO  04/10/2012 05:43:22 [http-8080-Processor17] - br.perfil.dwr.infra.DAO.conectarLocal (linha 118) - Conexão a obtida: org.apache.commons.dbcp.PoolableConnection@5b89a773
INFO  04/10/2012 05:43:22 [http-8080-Processor17] - br.perfil.dwr.dao.AlunoDAO.<init> (linha 23) - Construtor: org.apache.commons.dbcp.PoolableConnection@5b89a773
INFO  04/10/2012 05:43:23 [http-8080-Processor18] - br.perfil.dwr.infra.DAO.conectarLocal (linha 118) - Conexão a obtida: org.apache.commons.dbcp.PoolableConnection@14800aa1
INFO  04/10/2012 05:43:23 [http-8080-Processor18] - br.perfil.dwr.dao.AlunoDAO.<init> (linha 23) - Construtor: org.apache.commons.dbcp.PoolableConnection@14800aa1
INFO  04/10/2012 05:43:23 [http-8080-Processor22] - br.perfil.dwr.infra.DAO.conectarLocal (linha 118) - Conexão a obtida: org.apache.commons.dbcp.PoolableConnection@3a87d472
INFO  04/10/2012 05:43:23 [http-8080-Processor22] - br.perfil.dwr.dao.AlunoDAO.<init> (linha 23) - Construtor: org.apache.commons.dbcp.PoolableConnection@3a87d472
INFO  04/10/2012 05:43:23 [http-8080-Processor19] - br.perfil.dwr.infra.DAO.conectarLocal (linha 118) - Conexão a obtida: org.apache.commons.dbcp.PoolableConnection@375c929a
INFO  04/10/2012 05:43:23 [http-8080-Processor19] - br.perfil.dwr.dao.AlunoDAO.<init> (linha 23) - Construtor: org.apache.commons.dbcp.PoolableConnection@375c929a
INFO  04/10/2012 05:43:23 [http-8080-Processor25] - br.perfil.dwr.infra.DAO.conectarLocal (linha 118) - Conexão a obtida: org.apache.commons.dbcp.PoolableConnection@1ac7057c
INFO  04/10/2012 05:43:23 [http-8080-Processor25] - br.perfil.dwr.dao.AlunoDAO.<init> (linha 23) - Construtor: org.apache.commons.dbcp.PoolableConnection@1ac7057c
INFO  04/10/2012 05:43:23 [http-8080-Processor21] - br.perfil.dwr.infra.DAO.conectarLocal (linha 118) - Conexão a obtida: org.apache.commons.dbcp.PoolableConnection@d2d58b
INFO  04/10/2012 05:43:23 [http-8080-Processor21] - br.perfil.dwr.dao.AlunoDAO.<init> (linha 23) - Construtor: org.apache.commons.dbcp.PoolableConnection@d2d58b
INFO  04/10/2012 05:43:23 [http-8080-Processor24] - br.perfil.dwr.infra.DAO.conectarLocal (linha 118) - Conexão a obtida: org.apache.commons.dbcp.PoolableConnection@5b14a306
INFO  04/10/2012 05:43:23 [http-8080-Processor24] - br.perfil.dwr.dao.AlunoDAO.<init> (linha 23) - Construtor: org.apache.commons.dbcp.PoolableConnection@5b14a306
INFO  04/10/2012 05:43:23 [http-8080-Processor25] - br.perfil.dwr.infra.DAO.conectarLocal (linha 118) - Conexão a obtida: org.apache.commons.dbcp.PoolableConnection@1ac7057c
INFO  04/10/2012 05:43:23 [http-8080-Processor25] - br.perfil.dwr.dao.AlunoDAO.<init> (linha 23) - Construtor: org.apache.commons.dbcp.PoolableConnection@1ac7057c
INFO  04/10/2012 05:43:23 [http-8080-Processor23] - br.perfil.dwr.infra.DAO.conectarLocal (linha 118) - Conexão a obtida: org.apache.commons.dbcp.PoolableConnection@38ad5fab
INFO  04/10/2012 05:43:23 [http-8080-Processor23] - br.perfil.dwr.dao.AlunoDAO.<init> (linha 23) - Construtor: org.apache.commons.dbcp.PoolableConnection@38ad5fab
INFO  04/10/2012 05:43:23 [http-8080-Processor18] - br.perfil.dwr.infra.DAO.conectarLocal (linha 118) - Conexão a obtida: org.apache.commons.dbcp.PoolableConnection@14800aa1
INFO  04/10/2012 05:43:23 [http-8080-Processor18] - br.perfil.dwr.dao.AlunoDAO.<init> (linha 23) - Construtor: org.apache.commons.dbcp.PoolableConnection@14800aa1
INFO  04/10/2012 05:43:23 [http-8080-Processor21] - br.perfil.dwr.infra.DAO.conectarLocal (linha 118) - Conexão a obtida: org.apache.commons.dbcp.PoolableConnection@d2d58b
INFO  04/10/2012 05:43:23 [http-8080-Processor21] - br.perfil.dwr.dao.AlunoDAO.<init> (linha 23) - Construtor: org.apache.commons.dbcp.PoolableConnection@d2d58b
INFO  04/10/2012 05:43:23 [http-8080-Processor20] - br.perfil.dwr.infra.DAO.conectarLocal (linha 118) - Conexão a obtida: org.apache.commons.dbcp.PoolableConnection@4b0e18ba
INFO  04/10/2012 05:43:23 [http-8080-Processor20] - br.perfil.dwr.dao.AlunoDAO.<init> (linha 23) - Construtor: org.apache.commons.dbcp.PoolableConnection@4b0e18ba
INFO  04/10/2012 05:43:23 [http-8080-Processor19] - br.perfil.dwr.infra.DAO.conectarLocal (linha 118) - Conexão a obtida: org.apache.commons.dbcp.PoolableConnection@375c929a
INFO  04/10/2012 05:43:23 [http-8080-Processor19] - br.perfil.dwr.dao.AlunoDAO.<init> (linha 23) - Construtor: org.apache.commons.dbcp.PoolableConnection@375c929a
INFO  04/10/2012 05:43:23 [http-8080-Processor17] - br.perfil.dwr.infra.DAO.conectarLocal (linha 118) - Conexão a obtida: org.apache.commons.dbcp.PoolableConnection@5b89a773
INFO  04/10/2012 05:43:23 [http-8080-Processor17] - br.perfil.dwr.dao.AlunoDAO.<init> (linha 23) - Construtor: org.apache.commons.dbcp.PoolableConnection@5b89a773
INFO  04/10/2012 05:43:23 [http-8080-Processor16] - br.perfil.dwr.infra.DAO.conectarLocal (linha 118) - Conexão a obtida: org.apache.commons.dbcp.PoolableConnection@67e779a1
INFO  04/10/2012 05:43:23 [http-8080-Processor16] - br.perfil.dwr.dao.AlunoDAO.<init> (linha 23) - Construtor: org.apache.commons.dbcp.PoolableConnection@67e779a1
INFO  04/10/2012 05:43:23 [http-8080-Processor22] - br.perfil.dwr.infra.DAO.conectarLocal (linha 118) - Conexão a obtida: org.apache.commons.dbcp.PoolableConnection@3a87d472
INFO  04/10/2012 05:43:23 [http-8080-Processor22] - br.perfil.dwr.dao.AlunoDAO.<init> (linha 23) - Construtor: org.apache.commons.dbcp.PoolableConnection@3a87d472
INFO  04/10/2012 05:43:23 [http-8080-Processor22] - br.perfil.dwr.infra.DAO.conectarLocal (linha 118) - Conexão a obtida: org.apache.commons.dbcp.PoolableConnection@3a87d472
INFO  04/10/2012 05:43:23 [http-8080-Processor22] - br.perfil.dwr.dao.AlunoDAO.<init> (linha 23) - Construtor: org.apache.commons.dbcp.PoolableConnection@3a87d472
INFO  04/10/2012 05:43:23 [http-8080-Processor23] - br.perfil.dwr.infra.DAO.conectarLocal (linha 118) - Conexão a obtida: org.apache.commons.dbcp.PoolableConnection@1ac7057c
INFO  04/10/2012 05:43:23 [http-8080-Processor23] - br.perfil.dwr.dao.AlunoDAO.<init> (linha 23) - Construtor: org.apache.commons.dbcp.PoolableConnection@1ac7057c
INFO  04/10/2012 05:43:23 [http-8080-Processor25] - br.perfil.dwr.infra.DAO.conectarLocal (linha 118) - Conexão a obtida: org.apache.commons.dbcp.PoolableConnection@38ad5fab
INFO  04/10/2012 05:43:23 [http-8080-Processor25] - br.perfil.dwr.dao.AlunoDAO.<init> (linha 23) - Construtor: org.apache.commons.dbcp.PoolableConnection@38ad5fab
INFO  04/10/2012 05:43:24 [http-8080-Processor17] - br.perfil.dwr.infra.DAO.conectarLocal (linha 118) - Conexão a obtida: org.apache.commons.dbcp.PoolableConnection@5b89a773
INFO  04/10/2012 05:43:24 [http-8080-Processor17] - br.perfil.dwr.dao.AlunoDAO.<init> (linha 23) - Construtor: org.apache.commons.dbcp.PoolableConnection@5b89a773
INFO  04/10/2012 05:43:24 [http-8080-Processor15] - br.perfil.dwr.infra.DAO.conectarLocal (linha 118) - Conexão a obtida: org.apache.commons.dbcp.PoolableConnection@10b41166
INFO  04/10/2012 05:43:24 [http-8080-Processor15] - br.perfil.dwr.dao.AlunoDAO.<init> (linha 23) - Construtor: org.apache.commons.dbcp.PoolableConnection@10b41166
INFO  04/10/2012 05:43:24 [http-8080-Processor23] - br.perfil.dwr.infra.DAO.conectarLocal (linha 118) - Conexão a obtida: org.apache.commons.dbcp.PoolableConnection@1ac7057c
INFO  04/10/2012 05:43:24 [http-8080-Processor23] - br.perfil.dwr.dao.AlunoDAO.<init> (linha 23) - Construtor: org.apache.commons.dbcp.PoolableConnection@1ac7057c
INFO  04/10/2012 05:43:24 [http-8080-Processor22] - br.perfil.dwr.infra.DAO.conectarLocal (linha 118) - Conexão a obtida: org.apache.commons.dbcp.PoolableConnection@3a87d472
INFO  04/10/2012 05:43:24 [http-8080-Processor22] - br.perfil.dwr.dao.AlunoDAO.<init> (linha 23) - Construtor: org.apache.commons.dbcp.PoolableConnection@3a87d472
INFO  04/10/2012 05:43:24 [http-8080-Processor16] - br.perfil.dwr.infra.DAO.conectarLocal (linha 118) - Conexão a obtida: org.apache.commons.dbcp.PoolableConnection@67e779a1
INFO  04/10/2012 05:43:24 [http-8080-Processor16] - br.perfil.dwr.dao.AlunoDAO.<init> (linha 23) - Construtor: org.apache.commons.dbcp.PoolableConnection@67e779a1
INFO  04/10/2012 05:43:24 [http-8080-Processor24] - br.perfil.dwr.infra.DAO.conectarLocal (linha 118) - Conexão a obtida: org.apache.commons.dbcp.PoolableConnection@5b14a306
INFO  04/10/2012 05:43:24 [http-8080-Processor24] - br.perfil.dwr.dao.AlunoDAO.<init> (linha 23) - Construtor: org.apache.commons.dbcp.PoolableConnection@5b14a306
INFO  04/10/2012 05:43:24 [http-8080-Processor14] - br.perfil.dwr.infra.DAO.conectarLocal (linha 118) - Conexão a obtida: org.apache.commons.dbcp.PoolableConnection@19ded4c9
INFO  04/10/2012 05:43:24 [http-8080-Processor14] - br.perfil.dwr.dao.AlunoDAO.<init> (linha 23) - Construtor: org.apache.commons.dbcp.PoolableConnection@19ded4c9
INFO  04/10/2012 05:43:24 [http-8080-Processor13] - br.perfil.dwr.infra.DAO.conectarLocal (linha 118) - Conexão a obtida: org.apache.commons.dbcp.PoolableConnection@6fef3212
INFO  04/10/2012 05:43:24 [http-8080-Processor13] - br.perfil.dwr.dao.AlunoDAO.<init> (linha 23) - Construtor: org.apache.commons.dbcp.PoolableConnection@6fef3212
INFO  04/10/2012 05:43:24 [http-8080-Processor25] - br.perfil.dwr.infra.DAO.conectarLocal (linha 118) - Conexão a obtida: org.apache.commons.dbcp.PoolableConnection@38ad5fab
INFO  04/10/2012 05:43:24 [http-8080-Processor25] - br.perfil.dwr.dao.AlunoDAO.<init> (linha 23) - Construtor: org.apache.commons.dbcp.PoolableConnection@38ad5fab
INFO  04/10/2012 05:43:24 [http-8080-Processor23] - br.perfil.dwr.infra.DAO.conectarLocal (linha 118) - Conexão a obtida: org.apache.commons.dbcp.PoolableConnection@1ac7057c
INFO  04/10/2012 05:43:24 [http-8080-Processor23] - br.perfil.dwr.dao.AlunoDAO.<init> (linha 23) - Construtor: org.apache.commons.dbcp.PoolableConnection@1ac7057c
INFO  04/10/2012 05:43:24 [http-8080-Processor18] - br.perfil.dwr.infra.DAO.conectarLocal (linha 118) - Conexão a obtida: org.apache.commons.dbcp.PoolableConnection@14800aa1
INFO  04/10/2012 05:43:24 [http-8080-Processor18] - br.perfil.dwr.dao.AlunoDAO.<init> (linha 23) - Construtor: org.apache.commons.dbcp.PoolableConnection@14800aa1
INFO  04/10/2012 05:43:24 [http-8080-Processor19] - br.perfil.dwr.infra.DAO.conectarLocal (linha 118) - Conexão a obtida: org.apache.commons.dbcp.PoolableConnection@375c929a
INFO  04/10/2012 05:43:24 [http-8080-Processor19] - br.perfil.dwr.dao.AlunoDAO.<init> (linha 23) - Construtor: org.apache.commons.dbcp.PoolableConnection@375c929a
INFO  04/10/2012 05:43:24 [http-8080-Processor20] - br.perfil.dwr.infra.DAO.conectarLocal (linha 118) - Conexão a obtida: org.apache.commons.dbcp.PoolableConnection@4b0e18ba
INFO  04/10/2012 05:43:24 [http-8080-Processor20] - br.perfil.dwr.dao.AlunoDAO.<init> (linha 23) - Construtor: org.apache.commons.dbcp.PoolableConnection@4b0e18ba
INFO  04/10/2012 05:43:24 [http-8080-Processor25] - br.perfil.dwr.infra.DAO.conectarLocal (linha 118) - Conexão a obtida: org.apache.commons.dbcp.PoolableConnection@38ad5fab
INFO  04/10/2012 05:43:24 [http-8080-Processor25] - br.perfil.dwr.dao.AlunoDAO.<init> (linha 23) - Construtor: org.apache.commons.dbcp.PoolableConnection@38ad5fab
INFO  04/10/2012 05:43:24 [http-8080-Processor21] - br.perfil.dwr.infra.DAO.conectarLocal (linha 118) - Conexão a obtida: org.apache.commons.dbcp.PoolableConnection@d2d58b
INFO  04/10/2012 05:43:24 [http-8080-Processor21] - br.perfil.dwr.dao.AlunoDAO.<init> (linha 23) - Construtor: org.apache.commons.dbcp.PoolableConnection@d2d58b
INFO  04/10/2012 05:43:24 [http-8080-Processor17] - br.perfil.dwr.infra.DAO.conectarLocal (linha 118) - Conexão a obtida: org.apache.commons.dbcp.PoolableConnection@5b89a773
INFO  04/10/2012 05:43:24 [http-8080-Processor17] - br.perfil.dwr.dao.AlunoDAO.<init> (linha 23) - Construtor: org.apache.commons.dbcp.PoolableConnection@5b89a773
INFO  04/10/2012 05:43:24 [http-8080-Processor14] - br.perfil.dwr.infra.DAO.conectarLocal (linha 118) - Conexão a obtida: org.apache.commons.dbcp.PoolableConnection@19ded4c9
INFO  04/10/2012 05:43:24 [http-8080-Processor14] - br.perfil.dwr.dao.AlunoDAO.<init> (linha 23) - Construtor: org.apache.commons.dbcp.PoolableConnection@19ded4c9
INFO  04/10/2012 05:43:24 [http-8080-Processor12] - br.perfil.dwr.infra.DAO.conectarLocal (linha 118) - Conexão a obtida: org.apache.commons.dbcp.PoolableConnection@fcdfd19
INFO  04/10/2012 05:43:24 [http-8080-Processor12] - br.perfil.dwr.dao.AlunoDAO.<init> (linha 23) - Construtor: org.apache.commons.dbcp.PoolableConnection@fcdfd19
INFO  04/10/2012 05:43:24 [http-8080-Processor15] - br.perfil.dwr.infra.DAO.conectarLocal (linha 118) - Conexão a obtida: org.apache.commons.dbcp.PoolableConnection@10b41166
INFO  04/10/2012 05:43:24 [http-8080-Processor15] - br.perfil.dwr.dao.AlunoDAO.<init> (linha 23) - Construtor: org.apache.commons.dbcp.PoolableConnection@10b41166
INFO  04/10/2012 05:43:24 [http-8080-Processor16] - br.perfil.dwr.infra.DAO.conectarLocal (linha 118) - Conexão a obtida: org.apache.commons.dbcp.PoolableConnection@67e779a1
INFO  04/10/2012 05:43:24 [http-8080-Processor16] - br.perfil.dwr.dao.AlunoDAO.<init> (linha 23) - Construtor: org.apache.commons.dbcp.PoolableConnection@67e779a1
INFO  04/10/2012 05:43:24 [http-8080-Processor15] - br.perfil.dwr.infra.DAO.conectarLocal (linha 118) - Conexão a obtida: org.apache.commons.dbcp.PoolableConnection@10b41166
INFO  04/10/2012 05:43:24 [http-8080-Processor15] - br.perfil.dwr.dao.AlunoDAO.<init> (linha 23) - Construtor: org.apache.commons.dbcp.PoolableConnection@10b41166
INFO  04/10/2012 05:43:24 [http-8080-Processor24] - br.perfil.dwr.infra.DAO.conectarLocal (linha 118) - Conexão a obtida: org.apache.commons.dbcp.PoolableConnection@5b14a306
INFO  04/10/2012 05:43:24 [http-8080-Processor24] - br.perfil.dwr.dao.AlunoDAO.<init> (linha 23) - Construtor: org.apache.commons.dbcp.PoolableConnection@5b14a306
INFO  04/10/2012 05:43:24 [http-8080-Processor22] - br.perfil.dwr.infra.DAO.conectarLocal (linha 118) - Conexão a obtida: org.apache.commons.dbcp.PoolableConnection@3a87d472
INFO  04/10/2012 05:43:24 [http-8080-Processor22] - br.perfil.dwr.dao.AlunoDAO.<init> (linha 23) - Construtor: org.apache.commons.dbcp.PoolableConnection@3a87d472
INFO  04/10/2012 05:43:25 [http-8080-Processor21] - br.perfil.dwr.infra.DAO.conectarLocal (linha 118) - Conexão a obtida: org.apache.commons.dbcp.PoolableConnection@4b0e18ba
INFO  04/10/2012 05:43:25 [http-8080-Processor21] - br.perfil.dwr.dao.AlunoDAO.<init> (linha 23) - Construtor: org.apache.commons.dbcp.PoolableConnection@4b0e18ba
INFO  04/10/2012 05:43:25 [http-8080-Processor20] - br.perfil.dwr.infra.DAO.conectarLocal (linha 118) - Conexão a obtida: org.apache.commons.dbcp.PoolableConnection@d2d58b
INFO  04/10/2012 05:43:25 [http-8080-Processor20] - br.perfil.dwr.dao.AlunoDAO.<init> (linha 23) - Construtor: org.apache.commons.dbcp.PoolableConnection@d2d58b
INFO  04/10/2012 05:43:25 [http-8080-Processor17] - br.perfil.dwr.infra.DAO.conectarLocal (linha 118) - Conexão a obtida: org.apache.commons.dbcp.PoolableConnection@5b89a773
INFO  04/10/2012 05:43:25 [http-8080-Processor17] - br.perfil.dwr.dao.AlunoDAO.<init> (linha 23) - Construtor: org.apache.commons.dbcp.PoolableConnection@5b89a773
INFO  04/10/2012 05:43:25 [http-8080-Processor16] - br.perfil.dwr.infra.DAO.conectarLocal (linha 118) - Conexão a obtida: org.apache.commons.dbcp.PoolableConnection@67e779a1
INFO  04/10/2012 05:43:25 [http-8080-Processor16] - br.perfil.dwr.dao.AlunoDAO.<init> (linha 23) - Construtor: org.apache.commons.dbcp.PoolableConnection@67e779a1
INFO  04/10/2012 05:43:25 [http-8080-Processor11] - br.perfil.dwr.infra.DAO.conectarLocal (linha 118) - Conexão a obtida: org.apache.commons.dbcp.PoolableConnection@646d6aa0
INFO  04/10/2012 05:43:25 [http-8080-Processor11] - br.perfil.dwr.dao.AlunoDAO.<init> (linha 23) - Construtor: org.apache.commons.dbcp.PoolableConnection@646d6aa0
INFO  04/10/2012 05:43:25 [http-8080-Processor23] - br.perfil.dwr.infra.DAO.conectarLocal (linha 118) - Conexão a obtida: org.apache.commons.dbcp.PoolableConnection@38ad5fab
INFO  04/10/2012 05:43:25 [http-8080-Processor23] - br.perfil.dwr.dao.AlunoDAO.<init> (linha 23) - Construtor: org.apache.commons.dbcp.PoolableConnection@38ad5fab
INFO  04/10/2012 05:43:25 [http-8080-Processor25] - br.perfil.dwr.infra.DAO.conectarLocal (linha 118) - Conexão a obtida: org.apache.commons.dbcp.PoolableConnection@1ac7057c
INFO  04/10/2012 05:43:25 [http-8080-Processor25] - br.perfil.dwr.dao.AlunoDAO.<init> (linha 23) - Construtor: org.apache.commons.dbcp.PoolableConnection@1ac7057c
INFO  04/10/2012 05:43:25 [http-8080-Processor16] - br.perfil.dwr.infra.DAO.conectarLocal (linha 118) - Conexão a obtida: org.apache.commons.dbcp.PoolableConnection@d2d58b
INFO  04/10/2012 05:43:25 [http-8080-Processor16] - br.perfil.dwr.dao.AlunoDAO.<init> (linha 23) - Construtor: org.apache.commons.dbcp.PoolableConnection@d2d58b
INFO  04/10/2012 05:43:25 [http-8080-Processor20] - br.perfil.dwr.infra.DAO.conectarLocal (linha 118) - Conexão a obtida: org.apache.commons.dbcp.PoolableConnection@67e779a1
INFO  04/10/2012 05:43:25 [http-8080-Processor20] - br.perfil.dwr.dao.AlunoDAO.<init> (linha 23) - Construtor: org.apache.commons.dbcp.PoolableConnection@67e779a1
INFO  04/10/2012 05:43:25 [http-8080-Processor18] - br.perfil.dwr.infra.DAO.conectarLocal (linha 118) - Conexão a obtida: org.apache.commons.dbcp.PoolableConnection@14800aa1
INFO  04/10/2012 05:43:25 [http-8080-Processor13] - br.perfil.dwr.infra.DAO.conectarLocal (linha 118) - Conexão a obtida: org.apache.commons.dbcp.PoolableConnection@6fef3212
INFO  04/10/2012 05:43:25 [http-8080-Processor18] - br.perfil.dwr.dao.AlunoDAO.<init> (linha 23) - Construtor: org.apache.commons.dbcp.PoolableConnection@14800aa1
INFO  04/10/2012 05:43:25 [http-8080-Processor15] - br.perfil.dwr.infra.DAO.conectarLocal (linha 118) - Conexão a obtida: org.apache.commons.dbcp.PoolableConnection@10b41166
INFO  04/10/2012 05:43:25 [http-8080-Processor13] - br.perfil.dwr.dao.AlunoDAO.<init> (linha 23) - Construtor: org.apache.commons.dbcp.PoolableConnection@6fef3212
INFO  04/10/2012 05:43:25 [http-8080-Processor15] - br.perfil.dwr.dao.AlunoDAO.<init> (linha 23) - Construtor: org.apache.commons.dbcp.PoolableConnection@10b41166
INFO  04/10/2012 05:43:25 [http-8080-Processor19] - br.perfil.dwr.infra.DAO.conectarLocal (linha 118) - Conexão a obtida: org.apache.commons.dbcp.PoolableConnection@375c929a
INFO  04/10/2012 05:43:25 [http-8080-Processor19] - br.perfil.dwr.dao.AlunoDAO.<init> (linha 23) - Construtor: org.apache.commons.dbcp.PoolableConnection@375c929a
INFO  04/10/2012 05:43:25 [http-8080-Processor22] - br.perfil.dwr.infra.DAO.conectarLocal (linha 118) - Conexão a obtida: org.apache.commons.dbcp.PoolableConnection@3a87d472
INFO  04/10/2012 05:43:25 [http-8080-Processor22] - br.perfil.dwr.dao.AlunoDAO.<init> (linha 23) - Construtor: org.apache.commons.dbcp.PoolableConnection@3a87d472
INFO  04/10/2012 05:43:25 [http-8080-Processor12] - br.perfil.dwr.infra.DAO.conectarLocal (linha 118) - Conexão a obtida: org.apache.commons.dbcp.PoolableConnection@fcdfd19
INFO  04/10/2012 05:43:25 [http-8080-Processor12] - br.perfil.dwr.dao.AlunoDAO.<init> (linha 23) - Construtor: org.apache.commons.dbcp.PoolableConnection@fcdfd19
INFO  04/10/2012 05:43:25 [http-8080-Processor14] - br.perfil.dwr.infra.DAO.conectarLocal (linha 118) - Conexão a obtida: org.apache.commons.dbcp.PoolableConnection@19ded4c9
INFO  04/10/2012 05:43:25 [http-8080-Processor14] - br.perfil.dwr.dao.AlunoDAO.<init> (linha 23) - Construtor: org.apache.commons.dbcp.PoolableConnection@19ded4c9
INFO  04/10/2012 05:43:25 [http-8080-Processor11] - br.perfil.dwr.infra.DAO.conectarLocal (linha 118) - Conexão a obtida: org.apache.commons.dbcp.PoolableConnection@646d6aa0
INFO  04/10/2012 05:43:25 [http-8080-Processor11] - br.perfil.dwr.dao.AlunoDAO.<init> (linha 23) - Construtor: org.apache.commons.dbcp.PoolableConnection@646d6aa0
INFO  04/10/2012 05:43:25 [http-8080-Processor19] - br.perfil.dwr.infra.DAO.conectarLocal (linha 118) - Conexão a obtida: org.apache.commons.dbcp.PoolableConnection@375c929a
INFO  04/10/2012 05:43:25 [http-8080-Processor19] - br.perfil.dwr.dao.AlunoDAO.<init> (linha 23) - Construtor: org.apache.commons.dbcp.PoolableConnection@375c929a
INFO  04/10/2012 05:43:25 [http-8080-Processor24] - br.perfil.dwr.infra.DAO.conectarLocal (linha 118) - Conexão a obtida: org.apache.commons.dbcp.PoolableConnection@5b14a306
INFO  04/10/2012 05:43:25 [http-8080-Processor24] - br.perfil.dwr.dao.AlunoDAO.<init> (linha 23) - Construtor: org.apache.commons.dbcp.PoolableConnection@5b14a306
INFO  04/10/2012 05:43:25 [http-8080-Processor22] - br.perfil.dwr.infra.DAO.conectarLocal (linha 118) - Conexão a obtida: org.apache.commons.dbcp.PoolableConnection@3a87d472
INFO  04/10/2012 05:43:25 [http-8080-Processor22] - br.perfil.dwr.dao.AlunoDAO.<init> (linha 23) - Construtor: org.apache.commons.dbcp.PoolableConnection@3a87d472
INFO  04/10/2012 05:43:25 [http-8080-Processor18] - br.perfil.dwr.infra.DAO.conectarLocal (linha 118) - Conexão a obtida: org.apache.commons.dbcp.PoolableConnection@14800aa1
INFO  04/10/2012 05:43:25 [http-8080-Processor18] - br.perfil.dwr.dao.AlunoDAO.<init> (linha 23) - Construtor: org.apache.commons.dbcp.PoolableConnection@14800aa1
INFO  04/10/2012 05:43:25 [http-8080-Processor13] - br.perfil.dwr.infra.DAO.conectarLocal (linha 118) - Conexão a obtida: org.apache.commons.dbcp.PoolableConnection@1ac7057c
INFO  04/10/2012 05:43:25 [http-8080-Processor13] - br.perfil.dwr.dao.AlunoDAO.<init> (linha 23) - Construtor: org.apache.commons.dbcp.PoolableConnection@1ac7057c
INFO  04/10/2012 05:43:25 [http-8080-Processor25] - br.perfil.dwr.infra.DAO.conectarLocal (linha 118) - Conexão a obtida: org.apache.commons.dbcp.PoolableConnection@6fef3212
INFO  04/10/2012 05:43:25 [http-8080-Processor25] - br.perfil.dwr.dao.AlunoDAO.<init> (linha 23) - Construtor: org.apache.commons.dbcp.PoolableConnection@6fef3212
INFO  04/10/2012 05:43:25 [http-8080-Processor10] - br.perfil.dwr.infra.DAO.conectarLocal (linha 118) - Conexão a obtida: org.apache.commons.dbcp.PoolableConnection@2f24614c
INFO  04/10/2012 05:43:25 [http-8080-Processor10] - br.perfil.dwr.dao.AlunoDAO.<init> (linha 23) - Construtor: org.apache.commons.dbcp.PoolableConnection@2f24614c
INFO  04/10/2012 05:43:25 [http-8080-Processor17] - br.perfil.dwr.infra.DAO.conectarLocal (linha 118) - Conexão a obtida: org.apache.commons.dbcp.PoolableConnection@5b89a773
INFO  04/10/2012 05:43:25 [http-8080-Processor17] - br.perfil.dwr.dao.AlunoDAO.<init> (linha 23) - Construtor: org.apache.commons.dbcp.PoolableConnection@5b89a773
INFO  04/10/2012 05:43:25 [http-8080-Processor9] - br.perfil.dwr.infra.DAO.conectarLocal (linha 118) - Conexão a obtida: org.apache.commons.dbcp.PoolableConnection@a6dddcf
INFO  04/10/2012 05:43:25 [http-8080-Processor9] - br.perfil.dwr.dao.AlunoDAO.<init> (linha 23) - Construtor: org.apache.commons.dbcp.PoolableConnection@a6dddcf
INFO  04/10/2012 05:43:25 [http-8080-Processor21] - br.perfil.dwr.infra.DAO.conectarLocal (linha 118) - Conexão a obtida: org.apache.commons.dbcp.PoolableConnection@4b0e18ba
INFO  04/10/2012 05:43:25 [http-8080-Processor21] - br.perfil.dwr.dao.AlunoDAO.<init> (linha 23) - Construtor: org.apache.commons.dbcp.PoolableConnection@4b0e18ba
INFO  04/10/2012 05:43:25 [http-8080-Processor23] - br.perfil.dwr.infra.DAO.conectarLocal (linha 118) - Conexão a obtida: org.apache.commons.dbcp.PoolableConnection@38ad5fab
INFO  04/10/2012 05:43:25 [http-8080-Processor23] - br.perfil.dwr.dao.AlunoDAO.<init> (linha 23) - Construtor: org.apache.commons.dbcp.PoolableConnection@38ad5fab
INFO  04/10/2012 05:43:25 [http-8080-Processor21] - br.perfil.dwr.infra.DAO.conectarLocal (linha 118) - Conexão a obtida: org.apache.commons.dbcp.PoolableConnection@4b0e18ba
INFO  04/10/2012 05:43:25 [http-8080-Processor21] - br.perfil.dwr.dao.AlunoDAO.<init> (linha 23) - Construtor: org.apache.commons.dbcp.PoolableConnection@4b0e18ba
INFO  04/10/2012 05:43:26 [http-8080-Processor12] - br.perfil.dwr.infra.DAO.conectarLocal (linha 118) - Conexão a obtida: org.apache.commons.dbcp.PoolableConnection@fcdfd19
INFO  04/10/2012 05:43:26 [http-8080-Processor12] - br.perfil.dwr.dao.AlunoDAO.<init> (linha 23) - Construtor: org.apache.commons.dbcp.PoolableConnection@fcdfd19
INFO  04/10/2012 05:43:26 [http-8080-Processor16] - br.perfil.dwr.infra.DAO.conectarLocal (linha 118) - Conexão a obtida: org.apache.commons.dbcp.PoolableConnection@d2d58b
INFO  04/10/2012 05:43:26 [http-8080-Processor16] - br.perfil.dwr.dao.AlunoDAO.<init> (linha 23) - Construtor: org.apache.commons.dbcp.PoolableConnection@d2d58b
INFO  04/10/2012 05:43:26 [http-8080-Processor24] - br.perfil.dwr.infra.DAO.conectarLocal (linha 118) - Conexão a obtida: org.apache.commons.dbcp.PoolableConnection@67e779a1
INFO  04/10/2012 05:43:26 [http-8080-Processor24] - br.perfil.dwr.dao.AlunoDAO.<init> (linha 23) - Construtor: org.apache.commons.dbcp.PoolableConnection@67e779a1
INFO  04/10/2012 05:43:26 [http-8080-Processor20] - br.perfil.dwr.infra.DAO.conectarLocal (linha 118) - Conexão a obtida: org.apache.commons.dbcp.PoolableConnection@5b14a306
INFO  04/10/2012 05:43:26 [http-8080-Processor20] - br.perfil.dwr.dao.AlunoDAO.<init> (linha 23) - Construtor: org.apache.commons.dbcp.PoolableConnection@5b14a306
INFO  04/10/2012 05:43:26 [http-8080-Processor15] - br.perfil.dwr.infra.DAO.conectarLocal (linha 118) - Conexão a obtida: org.apache.commons.dbcp.PoolableConnection@10b41166
INFO  04/10/2012 05:43:26 [http-8080-Processor15] - br.perfil.dwr.dao.AlunoDAO.<init> (linha 23) - Construtor: org.apache.commons.dbcp.PoolableConnection@10b41166
INFO  04/10/2012 05:43:26 [http-8080-Processor8] - br.perfil.dwr.infra.DAO.conectarLocal (linha 118) - Conexão a obtida: org.apache.commons.dbcp.PoolableConnection@6ce7ce4c
INFO  04/10/2012 05:43:26 [http-8080-Processor8] - br.perfil.dwr.dao.AlunoDAO.<init> (linha 23) - Construtor: org.apache.commons.dbcp.PoolableConnection@6ce7ce4c
INFO  04/10/2012 05:43:26 [http-8080-Processor10] - br.perfil.dwr.infra.DAO.conectarLocal (linha 118) - Conexão a obtida: org.apache.commons.dbcp.PoolableConnection@2f24614c
INFO  04/10/2012 05:43:26 [http-8080-Processor10] - br.perfil.dwr.dao.AlunoDAO.<init> (linha 23) - Construtor: org.apache.commons.dbcp.PoolableConnection@2f24614c
INFO  04/10/2012 05:43:26 [http-8080-Processor16] - br.perfil.dwr.infra.DAO.conectarLocal (linha 118) - Conexão a obtida: org.apache.commons.dbcp.PoolableConnection@d2d58b
INFO  04/10/2012 05:43:26 [http-8080-Processor16] - br.perfil.dwr.dao.AlunoDAO.<init> (linha 23) - Construtor: org.apache.commons.dbcp.PoolableConnection@d2d58b
INFO  04/10/2012 05:43:26 [http-8080-Processor13] - br.perfil.dwr.infra.DAO.conectarLocal (linha 118) - Conexão a obtida: org.apache.commons.dbcp.PoolableConnection@1ac7057c
INFO  04/10/2012 05:43:26 [http-8080-Processor13] - br.perfil.dwr.dao.AlunoDAO.<init> (linha 23) - Construtor: org.apache.commons.dbcp.PoolableConnection@1ac7057c
INFO  04/10/2012 05:43:26 [http-8080-Processor20] - br.perfil.dwr.infra.DAO.conectarLocal (linha 118) - Conexão a obtida: org.apache.commons.dbcp.PoolableConnection@5b14a306
INFO  04/10/2012 05:43:26 [http-8080-Processor20] - br.perfil.dwr.dao.AlunoDAO.<init> (linha 23) - Construtor: org.apache.commons.dbcp.PoolableConnection@5b14a306
INFO  04/10/2012 05:43:26 [http-8080-Processor21] - br.perfil.dwr.infra.DAO.conectarLocal (linha 118) - Conexão a obtida: org.apache.commons.dbcp.PoolableConnection@4b0e18ba
INFO  04/10/2012 05:43:26 [http-8080-Processor21] - br.perfil.dwr.dao.AlunoDAO.<init> (linha 23) - Construtor: org.apache.commons.dbcp.PoolableConnection@4b0e18ba
INFO  04/10/2012 05:43:26 [http-8080-Processor9] - br.perfil.dwr.infra.DAO.conectarLocal (linha 118) - Conexão a obtida: org.apache.commons.dbcp.PoolableConnection@a6dddcf
INFO  04/10/2012 05:43:26 [http-8080-Processor9] - br.perfil.dwr.dao.AlunoDAO.<init> (linha 23) - Construtor: org.apache.commons.dbcp.PoolableConnection@a6dddcf
INFO  04/10/2012 05:43:26 [http-8080-Processor16] - br.perfil.dwr.infra.DAO.conectarLocal (linha 118) - Conexão a obtida: org.apache.commons.dbcp.PoolableConnection@d2d58b
INFO  04/10/2012 05:43:26 [http-8080-Processor16] - br.perfil.dwr.dao.AlunoDAO.<init> (linha 23) - Construtor: org.apache.commons.dbcp.PoolableConnection@d2d58b
INFO  04/10/2012 05:43:26 [http-8080-Processor10] - br.perfil.dwr.infra.DAO.conectarLocal (linha 118) - Conexão a obtida: org.apache.commons.dbcp.PoolableConnection@2f24614c
INFO  04/10/2012 05:43:26 [http-8080-Processor10] - br.perfil.dwr.dao.AlunoDAO.<init> (linha 23) - Construtor: org.apache.commons.dbcp.PoolableConnection@2f24614c
INFO  04/10/2012 05:43:26 [http-8080-Processor14] - br.perfil.dwr.infra.DAO.conectarLocal (linha 118) - Conexão a obtida: org.apache.commons.dbcp.PoolableConnection@19ded4c9
INFO  04/10/2012 05:43:26 [http-8080-Processor14] - br.perfil.dwr.dao.AlunoDAO.<init> (linha 23) - Construtor: org.apache.commons.dbcp.PoolableConnection@19ded4c9
INFO  04/10/2012 05:43:26 [http-8080-Processor21] - br.perfil.dwr.infra.DAO.conectarLocal (linha 118) - Conexão a obtida: org.apache.commons.dbcp.PoolableConnection@4b0e18ba
INFO  04/10/2012 05:43:26 [http-8080-Processor21] - br.perfil.dwr.dao.AlunoDAO.<init> (linha 23) - Construtor: org.apache.commons.dbcp.PoolableConnection@4b0e18ba
INFO  04/10/2012 05:43:26 [http-8080-Processor16] - br.perfil.dwr.infra.DAO.conectarLocal (linha 118) - Conexão a obtida: org.apache.commons.dbcp.PoolableConnection@d2d58b
INFO  04/10/2012 05:43:26 [http-8080-Processor16] - br.perfil.dwr.dao.AlunoDAO.<init> (linha 23) - Construtor: org.apache.commons.dbcp.PoolableConnection@d2d58b
INFO  04/10/2012 05:43:26 [http-8080-Processor18] - br.perfil.dwr.infra.DAO.conectarLocal (linha 118) - Conexão a obtida: org.apache.commons.dbcp.PoolableConnection@14800aa1
INFO  04/10/2012 05:43:26 [http-8080-Processor18] - br.perfil.dwr.dao.AlunoDAO.<init> (linha 23) - Construtor: org.apache.commons.dbcp.PoolableConnection@14800aa1
INFO  04/10/2012 05:43:26 [http-8080-Processor19] - br.perfil.dwr.infra.DAO.conectarLocal (linha 118) - Conexão a obtida: org.apache.commons.dbcp.PoolableConnection@375c929a
INFO  04/10/2012 05:43:26 [http-8080-Processor19] - br.perfil.dwr.dao.AlunoDAO.<init> (linha 23) - Construtor: org.apache.commons.dbcp.PoolableConnection@375c929a
INFO  04/10/2012 05:43:26 [http-8080-Processor15] - br.perfil.dwr.infra.DAO.conectarLocal (linha 118) - Conexão a obtida: org.apache.commons.dbcp.PoolableConnection@10b41166
INFO  04/10/2012 05:43:26 [http-8080-Processor15] - br.perfil.dwr.dao.AlunoDAO.<init> (linha 23) - Construtor: org.apache.commons.dbcp.PoolableConnection@10b41166
INFO  04/10/2012 05:43:26 [http-8080-Processor11] - br.perfil.dwr.infra.DAO.conectarLocal (linha 118) - Conexão a obtida: org.apache.commons.dbcp.PoolableConnection@646d6aa0
INFO  04/10/2012 05:43:26 [http-8080-Processor11] - br.perfil.dwr.dao.AlunoDAO.<init> (linha 23) - Construtor: org.apache.commons.dbcp.PoolableConnection@646d6aa0
INFO  04/10/2012 05:43:26 [http-8080-Processor25] - br.perfil.dwr.infra.DAO.conectarLocal (linha 118) - Conexão a obtida: org.apache.commons.dbcp.PoolableConnection@6fef3212
INFO  04/10/2012 05:43:26 [http-8080-Processor25] - br.perfil.dwr.dao.AlunoDAO.<init> (linha 23) - Construtor: org.apache.commons.dbcp.PoolableConnection@6fef3212
INFO  04/10/2012 05:43:26 [http-8080-Processor12] - br.perfil.dwr.infra.DAO.conectarLocal (linha 118) - Conexão a obtida: org.apache.commons.dbcp.PoolableConnection@fcdfd19
INFO  04/10/2012 05:43:26 [http-8080-Processor12] - br.perfil.dwr.dao.AlunoDAO.<init> (linha 23) - Construtor: org.apache.commons.dbcp.PoolableConnection@fcdfd19
INFO  04/10/2012 05:43:26 [http-8080-Processor23] - br.perfil.dwr.infra.DAO.conectarLocal (linha 118) - Conexão a obtida: org.apache.commons.dbcp.PoolableConnection@38ad5fab
INFO  04/10/2012 05:43:26 [http-8080-Processor23] - br.perfil.dwr.dao.AlunoDAO.<init> (linha 23) - Construtor: org.apache.commons.dbcp.PoolableConnection@38ad5fab
INFO  04/10/2012 05:43:26 [http-8080-Processor22] - br.perfil.dwr.infra.DAO.conectarLocal (linha 118) - Conexão a obtida: org.apache.commons.dbcp.PoolableConnection@3a87d472
INFO  04/10/2012 05:43:26 [http-8080-Processor22] - br.perfil.dwr.dao.AlunoDAO.<init> (linha 23) - Construtor: org.apache.commons.dbcp.PoolableConnection@3a87d472
INFO  04/10/2012 05:43:26 [http-8080-Processor14] - br.perfil.dwr.infra.DAO.conectarLocal (linha 118) - Conexão a obtida: org.apache.commons.dbcp.PoolableConnection@19ded4c9
INFO  04/10/2012 05:43:26 [http-8080-Processor14] - br.perfil.dwr.dao.AlunoDAO.<init> (linha 23) - Construtor: org.apache.commons.dbcp.PoolableConnection@19ded4c9
INFO  04/10/2012 05:43:26 [http-8080-Processor21] - br.perfil.dwr.infra.DAO.conectarLocal (linha 118) - Conexão a obtida: org.apache.commons.dbcp.PoolableConnection@4b0e18ba
INFO  04/10/2012 05:43:26 [http-8080-Processor21] - br.perfil.dwr.dao.AlunoDAO.<init> (linha 23) - Construtor: org.apache.commons.dbcp.PoolableConnection@4b0e18ba
INFO  04/10/2012 05:43:26 [http-8080-Processor15] - br.perfil.dwr.infra.DAO.conectarLocal (linha 118) - Conexão a obtida: org.apache.commons.dbcp.PoolableConnection@10b41166
INFO  04/10/2012 05:43:26 [http-8080-Processor15] - br.perfil.dwr.dao.AlunoDAO.<init> (linha 23) - Construtor: org.apache.commons.dbcp.PoolableConnection@10b41166
INFO  04/10/2012 05:43:26 [http-8080-Processor17] - br.perfil.dwr.infra.DAO.conectarLocal (linha 118) - Conexão a obtida: org.apache.commons.dbcp.PoolableConnection@5b89a773
INFO  04/10/2012 05:43:26 [http-8080-Processor17] - br.perfil.dwr.dao.AlunoDAO.<init> (linha 23) - Construtor: org.apache.commons.dbcp.PoolableConnection@5b89a773
INFO  04/10/2012 05:43:26 [http-8080-Processor14] - br.perfil.dwr.infra.DAO.conectarLocal (linha 118) - Conexão a obtida: org.apache.commons.dbcp.PoolableConnection@19ded4c9
INFO  04/10/2012 05:43:26 [http-8080-Processor14] - br.perfil.dwr.dao.AlunoDAO.<init> (linha 23) - Construtor: org.apache.commons.dbcp.PoolableConnection@19ded4c9
INFO  04/10/2012 05:43:26 [http-8080-Processor14] - br.perfil.dwr.infra.DAO.conectarLocal (linha 118) - Conexão a obtida: org.apache.commons.dbcp.PoolableConnection@19ded4c9
INFO  04/10/2012 05:43:26 [http-8080-Processor14] - br.perfil.dwr.dao.AlunoDAO.<init> (linha 23) - Construtor: org.apache.commons.dbcp.PoolableConnection@19ded4c9
INFO  04/10/2012 05:43:26 [http-8080-Processor8] - br.perfil.dwr.infra.DAO.conectarLocal (linha 118) - Conexão a obtida: org.apache.commons.dbcp.PoolableConnection@5b14a306
INFO  04/10/2012 05:43:26 [http-8080-Processor8] - br.perfil.dwr.dao.AlunoDAO.<init> (linha 23) - Construtor: org.apache.commons.dbcp.PoolableConnection@5b14a306
INFO  04/10/2012 05:43:26 [http-8080-Processor20] - br.perfil.dwr.infra.DAO.conectarLocal (linha 118) - Conexão a obtida: org.apache.commons.dbcp.PoolableConnection@6ce7ce4c
INFO  04/10/2012 05:43:26 [http-8080-Processor20] - br.perfil.dwr.dao.AlunoDAO.<init> (linha 23) - Construtor: org.apache.commons.dbcp.PoolableConnection@6ce7ce4c
INFO  04/10/2012 05:43:26 [http-8080-Processor10] - br.perfil.dwr.infra.DAO.conectarLocal (linha 118) - Conexão a obtida: org.apache.commons.dbcp.PoolableConnection@2f24614c
INFO  04/10/2012 05:43:26 [http-8080-Processor10] - br.perfil.dwr.dao.AlunoDAO.<init> (linha 23) - Construtor: org.apache.commons.dbcp.PoolableConnection@2f24614c
INFO  04/10/2012 05:43:26 [http-8080-Processor18] - br.perfil.dwr.infra.DAO.conectarLocal (linha 118) - Conexão a obtida: org.apache.commons.dbcp.PoolableConnection@14800aa1
INFO  04/10/2012 05:43:26 [http-8080-Processor18] - br.perfil.dwr.dao.AlunoDAO.<init> (linha 23) - Construtor: org.apache.commons.dbcp.PoolableConnection@14800aa1
INFO  04/10/2012 05:43:26 [http-8080-Processor8] - br.perfil.dwr.infra.DAO.conectarLocal (linha 118) - Conexão a obtida: org.apache.commons.dbcp.PoolableConnection@19ded4c9
INFO  04/10/2012 05:43:26 [http-8080-Processor8] - br.perfil.dwr.dao.AlunoDAO.<init> (linha 23) - Construtor: org.apache.commons.dbcp.PoolableConnection@19ded4c9
INFO  04/10/2012 05:43:26 [http-8080-Processor14] - br.perfil.dwr.infra.DAO.conectarLocal (linha 118) - Conexão a obtida: org.apache.commons.dbcp.PoolableConnection@5b14a306
INFO  04/10/2012 05:43:26 [http-8080-Processor14] - br.perfil.dwr.dao.AlunoDAO.<init> (linha 23) - Construtor: org.apache.commons.dbcp.PoolableConnection@5b14a306
INFO  04/10/2012 05:43:26 [http-8080-Processor24] - br.perfil.dwr.infra.DAO.conectarLocal (linha 118) - Conexão a obtida: org.apache.commons.dbcp.PoolableConnection@67e779a1
INFO  04/10/2012 05:43:26 [http-8080-Processor24] - br.perfil.dwr.dao.AlunoDAO.<init> (linha 23) - Construtor: org.apache.commons.dbcp.PoolableConnection@67e779a1
INFO  04/10/2012 05:43:26 [http-8080-Processor21] - br.perfil.dwr.infra.DAO.conectarLocal (linha 118) - Conexão a obtida: org.apache.commons.dbcp.PoolableConnection@4b0e18ba
INFO  04/10/2012 05:43:26 [http-8080-Processor21] - br.perfil.dwr.dao.AlunoDAO.<init> (linha 23) - Construtor: org.apache.commons.dbcp.PoolableConnection@4b0e18ba
INFO  04/10/2012 05:43:27 [http-8080-Processor11] - br.perfil.dwr.infra.DAO.conectarLocal (linha 118) - Conexão a obtida: org.apache.commons.dbcp.PoolableConnection@646d6aa0
INFO  04/10/2012 05:43:27 [http-8080-Processor11] - br.perfil.dwr.dao.AlunoDAO.<init> (linha 23) - Construtor: org.apache.commons.dbcp.PoolableConnection@646d6aa0
INFO  04/10/2012 05:43:27 [http-8080-Processor11] - br.perfil.dwr.infra.DAO.conectarLocal (linha 118) - Conexão a obtida: org.apache.commons.dbcp.PoolableConnection@646d6aa0
INFO  04/10/2012 05:43:27 [http-8080-Processor11] - br.perfil.dwr.dao.AlunoDAO.<init> (linha 23) - Construtor: org.apache.commons.dbcp.PoolableConnection@646d6aa0
INFO  04/10/2012 05:43:27 [http-8080-Processor16] - br.perfil.dwr.infra.DAO.conectarLocal (linha 118) - Conexão a obtida: org.apache.commons.dbcp.PoolableConnection@d2d58b
INFO  04/10/2012 05:43:27 [http-8080-Processor16] - br.perfil.dwr.dao.AlunoDAO.<init> (linha 23) - Construtor: org.apache.commons.dbcp.PoolableConnection@d2d58b
INFO  04/10/2012 05:43:27 [http-8080-Processor13] - br.perfil.dwr.infra.DAO.conectarLocal (linha 118) - Conexão a obtida: org.apache.commons.dbcp.PoolableConnection@4b0e18ba
INFO  04/10/2012 05:43:27 [http-8080-Processor13] - br.perfil.dwr.dao.AlunoDAO.<init> (linha 23) - Construtor: org.apache.commons.dbcp.PoolableConnection@4b0e18ba
INFO  04/10/2012 05:43:27 [http-8080-Processor9] - br.perfil.dwr.infra.DAO.conectarLocal (linha 118) - Conexão a obtida: org.apache.commons.dbcp.PoolableConnection@a6dddcf
INFO  04/10/2012 05:43:27 [http-8080-Processor9] - br.perfil.dwr.dao.AlunoDAO.<init> (linha 23) - Construtor: org.apache.commons.dbcp.PoolableConnection@a6dddcf
INFO  04/10/2012 05:43:27 [http-8080-Processor14] - br.perfil.dwr.infra.DAO.conectarLocal (linha 118) - Conexão a obtida: org.apache.commons.dbcp.PoolableConnection@5b14a306
INFO  04/10/2012 05:43:27 [http-8080-Processor14] - br.perfil.dwr.dao.AlunoDAO.<init> (linha 23) - Construtor: org.apache.commons.dbcp.PoolableConnection@5b14a306
INFO  04/10/2012 05:43:27 [http-8080-Processor25] - br.perfil.dwr.infra.DAO.conectarLocal (linha 118) - Conexão a obtida: org.apache.commons.dbcp.PoolableConnection@6fef3212
INFO  04/10/2012 05:43:27 [http-8080-Processor25] - br.perfil.dwr.dao.AlunoDAO.<init> (linha 23) - Construtor: org.apache.commons.dbcp.PoolableConnection@6fef3212
INFO  04/10/2012 05:43:27 [http-8080-Processor16] - br.perfil.dwr.infra.DAO.conectarLocal (linha 118) - Conexão a obtida: org.apache.commons.dbcp.PoolableConnection@d2d58b
INFO  04/10/2012 05:43:27 [http-8080-Processor16] - br.perfil.dwr.dao.AlunoDAO.<init> (linha 23) - Construtor: org.apache.commons.dbcp.PoolableConnection@d2d58b
INFO  04/10/2012 05:43:27 [http-8080-Processor13] - br.perfil.dwr.infra.DAO.conectarLocal (linha 118) - Conexão a obtida: org.apache.commons.dbcp.PoolableConnection@4b0e18ba
INFO  04/10/2012 05:43:27 [http-8080-Processor13] - br.perfil.dwr.dao.AlunoDAO.<init> (linha 23) - Construtor: org.apache.commons.dbcp.PoolableConnection@4b0e18ba
INFO  04/10/2012 05:43:27 [http-8080-Processor12] - br.perfil.dwr.infra.DAO.conectarLocal (linha 118) - Conexão a obtida: org.apache.commons.dbcp.PoolableConnection@fcdfd19
INFO  04/10/2012 05:43:27 [http-8080-Processor12] - br.perfil.dwr.dao.AlunoDAO.<init> (linha 23) - Construtor: org.apache.commons.dbcp.PoolableConnection@fcdfd19
INFO  04/10/2012 05:43:27 [http-8080-Processor22] - br.perfil.dwr.infra.DAO.conectarLocal (linha 118) - Conexão a obtida: org.apache.commons.dbcp.PoolableConnection@14800aa1
INFO  04/10/2012 05:43:27 [http-8080-Processor22] - br.perfil.dwr.dao.AlunoDAO.<init> (linha 23) - Construtor: org.apache.commons.dbcp.PoolableConnection@14800aa1
INFO  04/10/2012 05:43:27 [http-8080-Processor25] - br.perfil.dwr.infra.DAO.conectarLocal (linha 118) - Conexão a obtida: org.apache.commons.dbcp.PoolableConnection@6fef3212
INFO  04/10/2012 05:43:27 [http-8080-Processor25] - br.perfil.dwr.dao.AlunoDAO.<init> (linha 23) - Construtor: org.apache.commons.dbcp.PoolableConnection@6fef3212
INFO  04/10/2012 05:43:27 [http-8080-Processor15] - br.perfil.dwr.infra.DAO.conectarLocal (linha 118) - Conexão a obtida: org.apache.commons.dbcp.PoolableConnection@10b41166
INFO  04/10/2012 05:43:27 [http-8080-Processor15] - br.perfil.dwr.dao.AlunoDAO.<init> (linha 23) - Construtor: org.apache.commons.dbcp.PoolableConnection@10b41166
INFO  04/10/2012 05:43:27 [http-8080-Processor8] - br.perfil.dwr.infra.DAO.conectarLocal (linha 118) - Conexão a obtida: org.apache.commons.dbcp.PoolableConnection@19ded4c9
INFO  04/10/2012 05:43:27 [http-8080-Processor8] - br.perfil.dwr.dao.AlunoDAO.<init> (linha 23) - Construtor: org.apache.commons.dbcp.PoolableConnection@19ded4c9
INFO  04/10/2012 05:43:27 [http-8080-Processor13] - br.perfil.dwr.infra.DAO.conectarLocal (linha 118) - Conexão a obtida: org.apache.commons.dbcp.PoolableConnection@4b0e18ba
INFO  04/10/2012 05:43:27 [http-8080-Processor13] - br.perfil.dwr.dao.AlunoDAO.<init> (linha 23) - Construtor: org.apache.commons.dbcp.PoolableConnection@4b0e18ba
INFO  04/10/2012 05:43:27 [http-8080-Processor25] - br.perfil.dwr.infra.DAO.conectarLocal (linha 118) - Conexão a obtida: org.apache.commons.dbcp.PoolableConnection@6fef3212
INFO  04/10/2012 05:43:27 [http-8080-Processor25] - br.perfil.dwr.dao.AlunoDAO.<init> (linha 23) - Construtor: org.apache.commons.dbcp.PoolableConnection@6fef3212
INFO  04/10/2012 05:43:27 [http-8080-Processor11] - br.perfil.dwr.infra.DAO.conectarLocal (linha 118) - Conexão a obtida: org.apache.commons.dbcp.PoolableConnection@646d6aa0
INFO  04/10/2012 05:43:27 [http-8080-Processor11] - br.perfil.dwr.dao.AlunoDAO.<init> (linha 23) - Construtor: org.apache.commons.dbcp.PoolableConnection@646d6aa0
INFO  04/10/2012 05:43:27 [http-8080-Processor16] - br.perfil.dwr.infra.DAO.conectarLocal (linha 118) - Conexão a obtida: org.apache.commons.dbcp.PoolableConnection@d2d58b
INFO  04/10/2012 05:43:27 [http-8080-Processor16] - br.perfil.dwr.dao.AlunoDAO.<init> (linha 23) - Construtor: org.apache.commons.dbcp.PoolableConnection@d2d58b
INFO  04/10/2012 05:43:27 [http-8080-Processor25] - br.perfil.dwr.infra.DAO.conectarLocal (linha 118) - Conexão a obtida: org.apache.commons.dbcp.PoolableConnection@6fef3212
INFO  04/10/2012 05:43:27 [http-8080-Processor25] - br.perfil.dwr.dao.AlunoDAO.<init> (linha 23) - Construtor: org.apache.commons.dbcp.PoolableConnection@6fef3212
INFO  04/10/2012 05:43:27 [http-8080-Processor10] - br.perfil.dwr.infra.DAO.conectarLocal (linha 118) - Conexão a obtida: org.apache.commons.dbcp.PoolableConnection@2f24614c
INFO  04/10/2012 05:43:27 [http-8080-Processor10] - br.perfil.dwr.dao.AlunoDAO.<init> (linha 23) - Construtor: org.apache.commons.dbcp.PoolableConnection@2f24614c
INFO  04/10/2012 05:43:27 [http-8080-Processor24] - br.perfil.dwr.infra.DAO.conectarLocal (linha 118) - Conexão a obtida: org.apache.commons.dbcp.PoolableConnection@67e779a1
INFO  04/10/2012 05:43:27 [http-8080-Processor24] - br.perfil.dwr.dao.AlunoDAO.<init> (linha 23) - Construtor: org.apache.commons.dbcp.PoolableConnection@67e779a1
INFO  04/10/2012 05:43:27 [http-8080-Processor22] - br.perfil.dwr.infra.DAO.conectarLocal (linha 118) - Conexão a obtida: org.apache.commons.dbcp.PoolableConnection@14800aa1
INFO  04/10/2012 05:43:27 [http-8080-Processor22] - br.perfil.dwr.dao.AlunoDAO.<init> (linha 23) - Construtor: org.apache.commons.dbcp.PoolableConnection@14800aa1
INFO  04/10/2012 05:43:28 [http-8080-Processor16] - br.perfil.dwr.infra.DAO.conectarLocal (linha 118) - Conexão a obtida: org.apache.commons.dbcp.PoolableConnection@d2d58b
INFO  04/10/2012 05:43:28 [http-8080-Processor16] - br.perfil.dwr.dao.AlunoDAO.<init> (linha 23) - Construtor: org.apache.commons.dbcp.PoolableConnection@d2d58b
INFO  04/10/2012 05:43:28 [http-8080-Processor11] - br.perfil.dwr.infra.DAO.conectarLocal (linha 118) - Conexão a obtida: org.apache.commons.dbcp.PoolableConnection@646d6aa0
INFO  04/10/2012 05:43:28 [http-8080-Processor11] - br.perfil.dwr.dao.AlunoDAO.<init> (linha 23) - Construtor: org.apache.commons.dbcp.PoolableConnection@646d6aa0
INFO  04/10/2012 05:43:28 [http-8080-Processor13] - br.perfil.dwr.infra.DAO.conectarLocal (linha 118) - Conexão a obtida: org.apache.commons.dbcp.PoolableConnection@4b0e18ba
INFO  04/10/2012 05:43:28 [http-8080-Processor13] - br.perfil.dwr.dao.AlunoDAO.<init> (linha 23) - Construtor: org.apache.commons.dbcp.PoolableConnection@4b0e18ba
INFO  04/10/2012 05:43:28 [http-8080-Processor25] - br.perfil.dwr.infra.DAO.conectarLocal (linha 118) - Conexão a obtida: org.apache.commons.dbcp.PoolableConnection@6fef3212
INFO  04/10/2012 05:43:28 [http-8080-Processor25] - br.perfil.dwr.dao.AlunoDAO.<init> (linha 23) - Construtor: org.apache.commons.dbcp.PoolableConnection@6fef3212
INFO  04/10/2012 05:43:28 [http-8080-Processor14] - br.perfil.dwr.infra.DAO.conectarLocal (linha 118) - Conexão a obtida: org.apache.commons.dbcp.PoolableConnection@5b14a306
INFO  04/10/2012 05:43:28 [http-8080-Processor14] - br.perfil.dwr.dao.AlunoDAO.<init> (linha 23) - Construtor: org.apache.commons.dbcp.PoolableConnection@5b14a306
INFO  04/10/2012 05:43:28 [http-8080-Processor9] - br.perfil.dwr.infra.DAO.conectarLocal (linha 118) - Conexão a obtida: org.apache.commons.dbcp.PoolableConnection@a6dddcf
INFO  04/10/2012 05:43:28 [http-8080-Processor9] - br.perfil.dwr.dao.AlunoDAO.<init> (linha 23) - Construtor: org.apache.commons.dbcp.PoolableConnection@a6dddcf
INFO  04/10/2012 05:43:28 [http-8080-Processor11] - br.perfil.dwr.infra.DAO.conectarLocal (linha 118) - Conexão a obtida: org.apache.commons.dbcp.PoolableConnection@646d6aa0
INFO  04/10/2012 05:43:28 [http-8080-Processor11] - br.perfil.dwr.dao.AlunoDAO.<init> (linha 23) - Construtor: org.apache.commons.dbcp.PoolableConnection@646d6aa0
INFO  04/10/2012 05:43:28 [http-8080-Processor15] - br.perfil.dwr.infra.DAO.conectarLocal (linha 118) - Conexão a obtida: org.apache.commons.dbcp.PoolableConnection@10b41166
INFO  04/10/2012 05:43:28 [http-8080-Processor15] - br.perfil.dwr.dao.AlunoDAO.<init> (linha 23) - Construtor: org.apache.commons.dbcp.PoolableConnection@10b41166
INFO  04/10/2012 05:43:28 [http-8080-Processor12] - br.perfil.dwr.infra.DAO.conectarLocal (linha 118) - Conexão a obtida: org.apache.commons.dbcp.PoolableConnection@fcdfd19
INFO  04/10/2012 05:43:28 [http-8080-Processor12] - br.perfil.dwr.dao.AlunoDAO.<init> (linha 23) - Construtor: org.apache.commons.dbcp.PoolableConnection@fcdfd19
INFO  04/10/2012 05:43:28 [http-8080-Processor16] - br.perfil.dwr.infra.DAO.conectarLocal (linha 118) - Conexão a obtida: org.apache.commons.dbcp.PoolableConnection@d2d58b
INFO  04/10/2012 05:43:28 [http-8080-Processor16] - br.perfil.dwr.dao.AlunoDAO.<init> (linha 23) - Construtor: org.apache.commons.dbcp.PoolableConnection@d2d58b
INFO  04/10/2012 05:43:28 [http-8080-Processor8] - br.perfil.dwr.infra.DAO.conectarLocal (linha 118) - Conexão a obtida: org.apache.commons.dbcp.PoolableConnection@19ded4c9
INFO  04/10/2012 05:43:28 [http-8080-Processor8] - br.perfil.dwr.dao.AlunoDAO.<init> (linha 23) - Construtor: org.apache.commons.dbcp.PoolableConnection@19ded4c9
INFO  04/10/2012 05:43:28 [http-8080-Processor10] - br.perfil.dwr.infra.DAO.conectarLocal (linha 118) - Conexão a obtida: org.apache.commons.dbcp.PoolableConnection@2f24614c
INFO  04/10/2012 05:43:28 [http-8080-Processor10] - br.perfil.dwr.dao.AlunoDAO.<init> (linha 23) - Construtor: org.apache.commons.dbcp.PoolableConnection@2f24614c
INFO  04/10/2012 05:43:28 [http-8080-Processor8] - br.perfil.dwr.infra.DAO.conectarLocal (linha 118) - Conexão a obtida: org.apache.commons.dbcp.PoolableConnection@67e779a1
INFO  04/10/2012 05:43:28 [http-8080-Processor8] - br.perfil.dwr.dao.AlunoDAO.<init> (linha 23) - Construtor: org.apache.commons.dbcp.PoolableConnection@67e779a1
INFO  04/10/2012 05:43:28 [http-8080-Processor9] - br.perfil.dwr.infra.DAO.conectarLocal (linha 118) - Conexão a obtida: org.apache.commons.dbcp.PoolableConnection@a6dddcf
INFO  04/10/2012 05:43:28 [http-8080-Processor9] - br.perfil.dwr.dao.AlunoDAO.<init> (linha 23) - Construtor: org.apache.commons.dbcp.PoolableConnection@a6dddcf
INFO  04/10/2012 05:43:28 [http-8080-Processor9] - br.perfil.dwr.infra.DAO.conectarLocal (linha 118) - Conexão a obtida: org.apache.commons.dbcp.PoolableConnection@4b0e18ba
INFO  04/10/2012 05:43:28 [http-8080-Processor9] - br.perfil.dwr.dao.AlunoDAO.<init> (linha 23) - Construtor: org.apache.commons.dbcp.PoolableConnection@4b0e18ba
INFO  04/10/2012 05:43:28 [http-8080-Processor8] - br.perfil.dwr.infra.DAO.conectarLocal (linha 118) - Conexão a obtida: org.apache.commons.dbcp.PoolableConnection@67e779a1
INFO  04/10/2012 05:43:28 [http-8080-Processor8] - br.perfil.dwr.dao.AlunoDAO.<init> (linha 23) - Construtor: org.apache.commons.dbcp.PoolableConnection@67e779a1
INFO  04/10/2012 05:43:29 [http-8080-Processor11] - br.perfil.dwr.infra.DAO.conectarLocal (linha 118) - Conexão a obtida: org.apache.commons.dbcp.PoolableConnection@5b14a306
INFO  04/10/2012 05:43:29 [http-8080-Processor11] - br.perfil.dwr.dao.AlunoDAO.<init> (linha 23) - Construtor: org.apache.commons.dbcp.PoolableConnection@5b14a306
INFO  04/10/2012 05:43:29 [http-8080-Processor16] - br.perfil.dwr.infra.DAO.conectarLocal (linha 118) - Conexão a obtida: org.apache.commons.dbcp.PoolableConnection@10b41166
INFO  04/10/2012 05:43:29 [http-8080-Processor16] - br.perfil.dwr.dao.AlunoDAO.<init> (linha 23) - Construtor: org.apache.commons.dbcp.PoolableConnection@10b41166
INFO  04/10/2012 05:43:29 [http-8080-Processor12] - br.perfil.dwr.infra.DAO.conectarLocal (linha 118) - Conexão a obtida: org.apache.commons.dbcp.PoolableConnection@fcdfd19
INFO  04/10/2012 05:43:29 [http-8080-Processor12] - br.perfil.dwr.dao.AlunoDAO.<init> (linha 23) - Construtor: org.apache.commons.dbcp.PoolableConnection@fcdfd19
INFO  04/10/2012 05:43:29 [http-8080-Processor16] - br.perfil.dwr.infra.DAO.conectarLocal (linha 118) - Conexão a obtida: org.apache.commons.dbcp.PoolableConnection@10b41166
INFO  04/10/2012 05:43:29 [http-8080-Processor16] - br.perfil.dwr.dao.AlunoDAO.<init> (linha 23) - Construtor: org.apache.commons.dbcp.PoolableConnection@10b41166
INFO  04/10/2012 05:43:29 [http-8080-Processor10] - br.perfil.dwr.infra.DAO.conectarLocal (linha 118) - Conexão a obtida: org.apache.commons.dbcp.PoolableConnection@2f24614c
INFO  04/10/2012 05:43:29 [http-8080-Processor10] - br.perfil.dwr.dao.AlunoDAO.<init> (linha 23) - Construtor: org.apache.commons.dbcp.PoolableConnection@2f24614c
INFO  04/10/2012 05:43:29 [http-8080-Processor12] - br.perfil.dwr.infra.DAO.conectarLocal (linha 118) - Conexão a obtida: org.apache.commons.dbcp.PoolableConnection@fcdfd19
INFO  04/10/2012 05:43:29 [http-8080-Processor12] - br.perfil.dwr.dao.AlunoDAO.<init> (linha 23) - Construtor: org.apache.commons.dbcp.PoolableConnection@fcdfd19
INFO  04/10/2012 05:43:29 [http-8080-Processor11] - br.perfil.dwr.infra.DAO.conectarLocal (linha 118) - Conexão a obtida: org.apache.commons.dbcp.PoolableConnection@5b14a306
INFO  04/10/2012 05:43:29 [http-8080-Processor11] - br.perfil.dwr.dao.AlunoDAO.<init> (linha 23) - Construtor: org.apache.commons.dbcp.PoolableConnection@5b14a306
INFO  04/10/2012 05:43:29 [http-8080-Processor8] - br.perfil.dwr.infra.DAO.conectarLocal (linha 118) - Conexão a obtida: org.apache.commons.dbcp.PoolableConnection@67e779a1
INFO  04/10/2012 05:43:29 [http-8080-Processor8] - br.perfil.dwr.dao.AlunoDAO.<init> (linha 23) - Construtor: org.apache.commons.dbcp.PoolableConnection@67e779a1
INFO  04/10/2012 05:43:29 [http-8080-Processor9] - br.perfil.dwr.infra.DAO.conectarLocal (linha 118) - Conexão a obtida: org.apache.commons.dbcp.PoolableConnection@4b0e18ba
INFO  04/10/2012 05:43:29 [http-8080-Processor9] - br.perfil.dwr.dao.AlunoDAO.<init> (linha 23) - Construtor: org.apache.commons.dbcp.PoolableConnection@4b0e18ba
INFO  04/10/2012 05:43:29 [http-8080-Processor10] - br.perfil.dwr.infra.DAO.conectarLocal (linha 118) - Conexão a obtida: org.apache.commons.dbcp.PoolableConnection@2f24614c
INFO  04/10/2012 05:43:29 [http-8080-Processor10] - br.perfil.dwr.dao.AlunoDAO.<init> (linha 23) - Construtor: org.apache.commons.dbcp.PoolableConnection@2f24614c
INFO  04/10/2012 05:43:30 [http-8080-Processor9] - br.perfil.dwr.infra.DAO.conectarLocal (linha 118) - Conexão a obtida: org.apache.commons.dbcp.PoolableConnection@4b0e18ba
INFO  04/10/2012 05:43:30 [http-8080-Processor9] - br.perfil.dwr.dao.AlunoDAO.<init> (linha 23) - Construtor: org.apache.commons.dbcp.PoolableConnection@4b0e18ba
INFO  04/10/2012 05:43:30 [http-8080-Processor12] - br.perfil.dwr.infra.DAO.conectarLocal (linha 118) - Conexão a obtida: org.apache.commons.dbcp.PoolableConnection@fcdfd19
INFO  04/10/2012 05:43:30 [http-8080-Processor12] - br.perfil.dwr.dao.AlunoDAO.<init> (linha 23) - Construtor: org.apache.commons.dbcp.PoolableConnection@fcdfd19
INFO  04/10/2012 05:45:06 [http-8080-Processor12] - org.directwebremoting.impl.StartupUtil.logStartup (linha 156) - Starting: DwrServlet v3.0.0.116.rc1 on Apache Tomcat/5.5.27 / JDK 1.6.0_26 from Sun Microsystems Inc. at /perfilDWR
WARN  04/10/2012 05:45:12 [http-8080-Processor7] - org.directwebremoting.WebContextFactory.get (linha 39) - Missing WebContextBuilder. Is DWR setup properly?
INFO  04/10/2012 05:45:13 [http-8080-Processor7] - org.directwebremoting.impl.StartupUtil.logStartup (linha 156) - Starting: DwrServlet v3.0.0.116.rc1 on Apache Tomcat/5.5.27 / JDK 1.6.0_26 from Sun Microsystems Inc. at /perfilDWR
